2026-02-19 17:01:51,320 | WARNING | app.backtest | Snapshot mercato non disponibile: float() argument must be a string or a real number, not 'Series'
2026-02-19 17:01:51,339 | WARNING | app.backtest | Metriche mercato non disponibili: Missing column provided to 'parse_dates': 'Date'
2026-02-19 17:01:51,340 | ERROR | app.backtest | Errore nel backtest
Traceback (most recent call last):
  File "c:\Users\Andrea Grimaldi\Desktop\Trade Bot\app\backtest.py", line 60, in esegui_backtest
    result = ATHDipStrategy.backtest(
        YahooDataBacktesting,
    ...<4 lines>...
        initial_cash=capitale,
    )
  File "C:\Users\Andrea Grimaldi\Desktop\Trade Bot\.venv\Lib\site-packages\lumibot\strategies\strategy.py", line 5306, in backtest
    results, strategy = self.run_backtest(
                        ~~~~~~~~~~~~~~~~~^
        datasource_class=datasource_class,
        ^^^^^^^^^^^^^^^^^^^^^^^^^^^^^^^^^^
    ...<39 lines>...
        **kwargs,
        ^^^^^^^^^
    )
    ^
  File "C:\Users\Andrea Grimaldi\Desktop\Trade Bot\.venv\Lib\site-packages\lumibot\strategies\_strategy.py", line 2139, in run_backtest
    backtesting_start, backtesting_end = self.verify_backtest_inputs(backtesting_start, backtesting_end)
                                         ~~~~~~~~~~~~~~~~~~~~~~~~~~~^^^^^^^^^^^^^^^^^^^^^^^^^^^^^^^^^^^^
  File "C:\Users\Andrea Grimaldi\Desktop\Trade Bot\.venv\Lib\site-packages\lumibot\strategies\_strategy.py", line 2401, in verify_backtest_inputs
    raise ValueError(f"`backtesting_start` must be a datetime object. You passed in {backtesting_start}")
ValueError: `backtesting_start` must be a datetime object. You passed in 2020-01-01
2026-02-19 17:02:01,012 | WARNING | app.backtest | Snapshot mercato non disponibile: float() argument must be a string or a real number, not 'Series'
2026-02-19 17:02:01,028 | WARNING | app.backtest | Metriche mercato non disponibili: Missing column provided to 'parse_dates': 'Date'
2026-02-19 17:02:01,028 | ERROR | app.backtest | Errore nel backtest
Traceback (most recent call last):
  File "c:\Users\Andrea Grimaldi\Desktop\Trade Bot\app\backtest.py", line 60, in esegui_backtest
    result = ATHDipStrategy.backtest(
        YahooDataBacktesting,
    ...<4 lines>...
        initial_cash=capitale,
    )
  File "C:\Users\Andrea Grimaldi\Desktop\Trade Bot\.venv\Lib\site-packages\lumibot\strategies\strategy.py", line 5306, in backtest
    results, strategy = self.run_backtest(
                        ~~~~~~~~~~~~~~~~~^
        datasource_class=datasource_class,
        ^^^^^^^^^^^^^^^^^^^^^^^^^^^^^^^^^^
    ...<39 lines>...
        **kwargs,
        ^^^^^^^^^
    )
    ^
  File "C:\Users\Andrea Grimaldi\Desktop\Trade Bot\.venv\Lib\site-packages\lumibot\strategies\_strategy.py", line 2139, in run_backtest
    backtesting_start, backtesting_end = self.verify_backtest_inputs(backtesting_start, backtesting_end)
                                         ~~~~~~~~~~~~~~~~~~~~~~~~~~~^^^^^^^^^^^^^^^^^^^^^^^^^^^^^^^^^^^^
  File "C:\Users\Andrea Grimaldi\Desktop\Trade Bot\.venv\Lib\site-packages\lumibot\strategies\_strategy.py", line 2401, in verify_backtest_inputs
    raise ValueError(f"`backtesting_start` must be a datetime object. You passed in {backtesting_start}")
ValueError: `backtesting_start` must be a datetime object. You passed in 2020-01-01
2026-02-19 17:02:06,722 | WARNING | app.backtest | Snapshot mercato non disponibile: Missing column provided to 'parse_dates': 'Date'
2026-02-19 17:02:06,724 | WARNING | app.backtest | Metriche mercato non disponibili: Missing column provided to 'parse_dates': 'Date'
2026-02-19 17:02:06,724 | ERROR | app.backtest | Errore nel backtest
Traceback (most recent call last):
  File "c:\Users\Andrea Grimaldi\Desktop\Trade Bot\app\backtest.py", line 60, in esegui_backtest
    result = ATHDipStrategy.backtest(
        YahooDataBacktesting,
    ...<4 lines>...
        initial_cash=capitale,
    )
  File "C:\Users\Andrea Grimaldi\Desktop\Trade Bot\.venv\Lib\site-packages\lumibot\strategies\strategy.py", line 5306, in backtest
    results, strategy = self.run_backtest(
                        ~~~~~~~~~~~~~~~~~^
        datasource_class=datasource_class,
        ^^^^^^^^^^^^^^^^^^^^^^^^^^^^^^^^^^
    ...<39 lines>...
        **kwargs,
        ^^^^^^^^^
    )
    ^
  File "C:\Users\Andrea Grimaldi\Desktop\Trade Bot\.venv\Lib\site-packages\lumibot\strategies\_strategy.py", line 2139, in run_backtest
    backtesting_start, backtesting_end = self.verify_backtest_inputs(backtesting_start, backtesting_end)
                                         ~~~~~~~~~~~~~~~~~~~~~~~~~~~^^^^^^^^^^^^^^^^^^^^^^^^^^^^^^^^^^^^
  File "C:\Users\Andrea Grimaldi\Desktop\Trade Bot\.venv\Lib\site-packages\lumibot\strategies\_strategy.py", line 2401, in verify_backtest_inputs
    raise ValueError(f"`backtesting_start` must be a datetime object. You passed in {backtesting_start}")
ValueError: `backtesting_start` must be a datetime object. You passed in 2020-01-01
2026-02-19 17:02:10,099 | WARNING | app.backtest | Snapshot mercato non disponibile: float() argument must be a string or a real number, not 'Series'
2026-02-19 17:02:10,120 | WARNING | app.backtest | Metriche mercato non disponibili: Missing column provided to 'parse_dates': 'Date'
2026-02-19 17:02:10,120 | ERROR | app.backtest | Errore nel backtest
Traceback (most recent call last):
  File "c:\Users\Andrea Grimaldi\Desktop\Trade Bot\app\backtest.py", line 60, in esegui_backtest
    result = ATHDipStrategy.backtest(
        YahooDataBacktesting,
    ...<4 lines>...
        initial_cash=capitale,
    )
  File "C:\Users\Andrea Grimaldi\Desktop\Trade Bot\.venv\Lib\site-packages\lumibot\strategies\strategy.py", line 5306, in backtest
    results, strategy = self.run_backtest(
                        ~~~~~~~~~~~~~~~~~^
        datasource_class=datasource_class,
        ^^^^^^^^^^^^^^^^^^^^^^^^^^^^^^^^^^
    ...<39 lines>...
        **kwargs,
        ^^^^^^^^^
    )
    ^
  File "C:\Users\Andrea Grimaldi\Desktop\Trade Bot\.venv\Lib\site-packages\lumibot\strategies\_strategy.py", line 2139, in run_backtest
    backtesting_start, backtesting_end = self.verify_backtest_inputs(backtesting_start, backtesting_end)
                                         ~~~~~~~~~~~~~~~~~~~~~~~~~~~^^^^^^^^^^^^^^^^^^^^^^^^^^^^^^^^^^^^
  File "C:\Users\Andrea Grimaldi\Desktop\Trade Bot\.venv\Lib\site-packages\lumibot\strategies\_strategy.py", line 2401, in verify_backtest_inputs
    raise ValueError(f"`backtesting_start` must be a datetime object. You passed in {backtesting_start}")
ValueError: `backtesting_start` must be a datetime object. You passed in 2020-01-01
2026-02-19 17:02:12,311 | WARNING | app.backtest | Snapshot mercato non disponibile: Missing column provided to 'parse_dates': 'Date'
2026-02-19 17:02:12,313 | WARNING | app.backtest | Metriche mercato non disponibili: Missing column provided to 'parse_dates': 'Date'
2026-02-19 17:02:12,314 | ERROR | app.backtest | Errore nel backtest
Traceback (most recent call last):
  File "c:\Users\Andrea Grimaldi\Desktop\Trade Bot\app\backtest.py", line 60, in esegui_backtest
    result = ATHDipStrategy.backtest(
        YahooDataBacktesting,
    ...<4 lines>...
        initial_cash=capitale,
    )
  File "C:\Users\Andrea Grimaldi\Desktop\Trade Bot\.venv\Lib\site-packages\lumibot\strategies\strategy.py", line 5306, in backtest
    results, strategy = self.run_backtest(
                        ~~~~~~~~~~~~~~~~~^
        datasource_class=datasource_class,
        ^^^^^^^^^^^^^^^^^^^^^^^^^^^^^^^^^^
    ...<39 lines>...
        **kwargs,
        ^^^^^^^^^
    )
    ^
  File "C:\Users\Andrea Grimaldi\Desktop\Trade Bot\.venv\Lib\site-packages\lumibot\strategies\_strategy.py", line 2139, in run_backtest
    backtesting_start, backtesting_end = self.verify_backtest_inputs(backtesting_start, backtesting_end)
                                         ~~~~~~~~~~~~~~~~~~~~~~~~~~~^^^^^^^^^^^^^^^^^^^^^^^^^^^^^^^^^^^^
  File "C:\Users\Andrea Grimaldi\Desktop\Trade Bot\.venv\Lib\site-packages\lumibot\strategies\_strategy.py", line 2401, in verify_backtest_inputs
    raise ValueError(f"`backtesting_start` must be a datetime object. You passed in {backtesting_start}")
ValueError: `backtesting_start` must be a datetime object. You passed in 2020-01-01
2026-02-19 17:02:14,113 | WARNING | app.backtest | Snapshot mercato non disponibile: float() argument must be a string or a real number, not 'Series'
2026-02-19 17:02:14,132 | WARNING | app.backtest | Metriche mercato non disponibili: Missing column provided to 'parse_dates': 'Date'
2026-02-19 17:02:14,133 | ERROR | app.backtest | Errore nel backtest
Traceback (most recent call last):
  File "c:\Users\Andrea Grimaldi\Desktop\Trade Bot\app\backtest.py", line 60, in esegui_backtest
    result = ATHDipStrategy.backtest(
        YahooDataBacktesting,
    ...<4 lines>...
        initial_cash=capitale,
    )
  File "C:\Users\Andrea Grimaldi\Desktop\Trade Bot\.venv\Lib\site-packages\lumibot\strategies\strategy.py", line 5306, in backtest
    results, strategy = self.run_backtest(
                        ~~~~~~~~~~~~~~~~~^
        datasource_class=datasource_class,
        ^^^^^^^^^^^^^^^^^^^^^^^^^^^^^^^^^^
    ...<39 lines>...
        **kwargs,
        ^^^^^^^^^
    )
    ^
  File "C:\Users\Andrea Grimaldi\Desktop\Trade Bot\.venv\Lib\site-packages\lumibot\strategies\_strategy.py", line 2139, in run_backtest
    backtesting_start, backtesting_end = self.verify_backtest_inputs(backtesting_start, backtesting_end)
                                         ~~~~~~~~~~~~~~~~~~~~~~~~~~~^^^^^^^^^^^^^^^^^^^^^^^^^^^^^^^^^^^^
  File "C:\Users\Andrea Grimaldi\Desktop\Trade Bot\.venv\Lib\site-packages\lumibot\strategies\_strategy.py", line 2401, in verify_backtest_inputs
    raise ValueError(f"`backtesting_start` must be a datetime object. You passed in {backtesting_start}")
ValueError: `backtesting_start` must be a datetime object. You passed in 2020-01-01
